#! /c/Source/iverilog-install/bin/vvp
:ivl_version "12.0 (devel)" "(s20150603-1110-g18392a46)";
:ivl_delay_selection "TYPICAL";
:vpi_time_precision - 12;
:vpi_module "C:\iverilog\lib\ivl\system.vpi";
:vpi_module "C:\iverilog\lib\ivl\vhdl_sys.vpi";
:vpi_module "C:\iverilog\lib\ivl\vhdl_textio.vpi";
:vpi_module "C:\iverilog\lib\ivl\v2005_math.vpi";
:vpi_module "C:\iverilog\lib\ivl\va_math.vpi";
S_00000265a92abc40 .scope module, "tb_vending_mealy" "tb_vending_mealy" 2 4;
 .timescale -9 -12;
v00000265a95a3080_0 .net "chg5", 0 0, v00000265a954c290_0;  1 drivers
v00000265a95a3120_0 .var "clk", 0 0;
v00000265a95a3800_0 .var "coin", 1 0;
v00000265a95a3b20_0 .net "dispense", 0 0, v00000265a9543650_0;  1 drivers
v00000265a95a39e0_0 .var "rst", 0 0;
S_00000265a92ab2f0 .scope module, "dut" "vending_mealy" 2 12, 3 2 0, S_00000265a92abc40;
 .timescale 0 0;
    .port_info 0 /INPUT 1 "clk";
    .port_info 1 /INPUT 1 "rst";
    .port_info 2 /INPUT 2 "coin";
    .port_info 3 /OUTPUT 1 "dispense";
    .port_info 4 /OUTPUT 1 "chg5";
P_00000265a954c100 .param/l "S0" 1 3 11, C4<00>;
P_00000265a954c138 .param/l "S10" 1 3 13, C4<10>;
P_00000265a954c170 .param/l "S15" 1 3 14, C4<11>;
P_00000265a954c1a8 .param/l "S5" 1 3 12, C4<01>;
L_00000265a95a4048 .functor BUFT 1, C4<01>, C4<0>, C4<0>, C4<0>;
v00000265a9539220_0 .net/2u *"_ivl_0", 1 0, L_00000265a95a4048;  1 drivers
L_00000265a95a4090 .functor BUFT 1, C4<10>, C4<0>, C4<0>, C4<0>;
v00000265a92a6b30_0 .net/2u *"_ivl_4", 1 0, L_00000265a95a4090;  1 drivers
L_00000265a95a40d8 .functor BUFT 1, C4<00>, C4<0>, C4<0>, C4<0>;
v00000265a954c1f0_0 .net/2u *"_ivl_8", 1 0, L_00000265a95a40d8;  1 drivers
v00000265a954c290_0 .var "chg5", 0 0;
v00000265a954c330_0 .net "clk", 0 0, v00000265a95a3120_0;  1 drivers
v00000265a954c3d0_0 .net "coin", 1 0, v00000265a95a3800_0;  1 drivers
v00000265a954c470_0 .net "coin10", 0 0, L_00000265a95a3a80;  1 drivers
v00000265a954c510_0 .net "coin5", 0 0, L_00000265a95a3bc0;  1 drivers
v00000265a9543650_0 .var "dispense", 0 0;
v00000265a95a3c60_0 .net "idle", 0 0, L_00000265a95a33a0;  1 drivers
v00000265a95a3940_0 .var "next_state", 1 0;
v00000265a95a3d00_0 .net "rst", 0 0, v00000265a95a39e0_0;  1 drivers
v00000265a95a3da0_0 .var "state", 1 0;
E_00000265a953b850 .event posedge, v00000265a954c330_0;
E_00000265a953afd0 .event anyedge, v00000265a95a3da0_0, v00000265a954c510_0, v00000265a954c470_0;
L_00000265a95a3bc0 .cmp/eq 2, v00000265a95a3800_0, L_00000265a95a4048;
L_00000265a95a3a80 .cmp/eq 2, v00000265a95a3800_0, L_00000265a95a4090;
L_00000265a95a33a0 .cmp/eq 2, v00000265a95a3800_0, L_00000265a95a40d8;
S_00000265a95436f0 .scope task, "idle1" "idle1" 2 25, 2 25 0, S_00000265a92abc40;
 .timescale -9 -12;
TD_tb_vending_mealy.idle1 ;
    %pushi/vec4 0, 0, 2;
    %store/vec4 v00000265a95a3800_0, 0, 2;
    %wait E_00000265a953b850;
    %end;
S_00000265a9543880 .scope task, "put10" "put10" 2 24, 2 24 0, S_00000265a92abc40;
 .timescale -9 -12;
TD_tb_vending_mealy.put10 ;
    %pushi/vec4 2, 0, 2;
    %store/vec4 v00000265a95a3800_0, 0, 2;
    %wait E_00000265a953b850;
    %pushi/vec4 0, 0, 2;
    %store/vec4 v00000265a95a3800_0, 0, 2;
    %end;
S_00000265a9543a10 .scope task, "put5" "put5" 2 23, 2 23 0, S_00000265a92abc40;
 .timescale -9 -12;
TD_tb_vending_mealy.put5 ;
    %pushi/vec4 1, 0, 2;
    %store/vec4 v00000265a95a3800_0, 0, 2;
    %wait E_00000265a953b850;
    %pushi/vec4 0, 0, 2;
    %store/vec4 v00000265a95a3800_0, 0, 2;
    %end;
    .scope S_00000265a92ab2f0;
T_3 ;
    %wait E_00000265a953afd0;
    %pushi/vec4 0, 0, 1;
    %store/vec4 v00000265a9543650_0, 0, 1;
    %pushi/vec4 0, 0, 1;
    %store/vec4 v00000265a954c290_0, 0, 1;
    %load/vec4 v00000265a95a3da0_0;
    %store/vec4 v00000265a95a3940_0, 0, 2;
    %load/vec4 v00000265a95a3da0_0;
    %dup/vec4;
    %pushi/vec4 0, 0, 2;
    %cmp/u;
    %jmp/1 T_3.0, 6;
    %dup/vec4;
    %pushi/vec4 1, 0, 2;
    %cmp/u;
    %jmp/1 T_3.1, 6;
    %dup/vec4;
    %pushi/vec4 2, 0, 2;
    %cmp/u;
    %jmp/1 T_3.2, 6;
    %dup/vec4;
    %pushi/vec4 3, 0, 2;
    %cmp/u;
    %jmp/1 T_3.3, 6;
    %pushi/vec4 0, 0, 2;
    %store/vec4 v00000265a95a3940_0, 0, 2;
    %jmp T_3.5;
T_3.0 ;
    %load/vec4 v00000265a954c510_0;
    %flag_set/vec4 8;
    %jmp/0xz  T_3.6, 8;
    %pushi/vec4 1, 0, 2;
    %store/vec4 v00000265a95a3940_0, 0, 2;
    %jmp T_3.7;
T_3.6 ;
    %load/vec4 v00000265a954c470_0;
    %flag_set/vec4 8;
    %jmp/0xz  T_3.8, 8;
    %pushi/vec4 2, 0, 2;
    %store/vec4 v00000265a95a3940_0, 0, 2;
    %jmp T_3.9;
T_3.8 ;
    %pushi/vec4 0, 0, 2;
    %store/vec4 v00000265a95a3940_0, 0, 2;
T_3.9 ;
T_3.7 ;
    %jmp T_3.5;
T_3.1 ;
    %load/vec4 v00000265a954c510_0;
    %flag_set/vec4 8;
    %jmp/0xz  T_3.10, 8;
    %pushi/vec4 2, 0, 2;
    %store/vec4 v00000265a95a3940_0, 0, 2;
    %jmp T_3.11;
T_3.10 ;
    %load/vec4 v00000265a954c470_0;
    %flag_set/vec4 8;
    %jmp/0xz  T_3.12, 8;
    %pushi/vec4 3, 0, 2;
    %store/vec4 v00000265a95a3940_0, 0, 2;
    %jmp T_3.13;
T_3.12 ;
    %pushi/vec4 1, 0, 2;
    %store/vec4 v00000265a95a3940_0, 0, 2;
T_3.13 ;
T_3.11 ;
    %jmp T_3.5;
T_3.2 ;
    %load/vec4 v00000265a954c470_0;
    %flag_set/vec4 8;
    %jmp/0xz  T_3.14, 8;
    %pushi/vec4 1, 0, 1;
    %store/vec4 v00000265a9543650_0, 0, 1;
    %pushi/vec4 0, 0, 2;
    %store/vec4 v00000265a95a3940_0, 0, 2;
    %jmp T_3.15;
T_3.14 ;
    %load/vec4 v00000265a954c510_0;
    %flag_set/vec4 8;
    %jmp/0xz  T_3.16, 8;
    %pushi/vec4 3, 0, 2;
    %store/vec4 v00000265a95a3940_0, 0, 2;
    %jmp T_3.17;
T_3.16 ;
    %pushi/vec4 2, 0, 2;
    %store/vec4 v00000265a95a3940_0, 0, 2;
T_3.17 ;
T_3.15 ;
    %jmp T_3.5;
T_3.3 ;
    %load/vec4 v00000265a954c510_0;
    %flag_set/vec4 8;
    %jmp/0xz  T_3.18, 8;
    %pushi/vec4 1, 0, 1;
    %store/vec4 v00000265a9543650_0, 0, 1;
    %pushi/vec4 0, 0, 2;
    %store/vec4 v00000265a95a3940_0, 0, 2;
    %jmp T_3.19;
T_3.18 ;
    %load/vec4 v00000265a954c470_0;
    %flag_set/vec4 8;
    %jmp/0xz  T_3.20, 8;
    %pushi/vec4 1, 0, 1;
    %store/vec4 v00000265a9543650_0, 0, 1;
    %pushi/vec4 1, 0, 1;
    %store/vec4 v00000265a954c290_0, 0, 1;
    %pushi/vec4 0, 0, 2;
    %store/vec4 v00000265a95a3940_0, 0, 2;
    %jmp T_3.21;
T_3.20 ;
    %pushi/vec4 3, 0, 2;
    %store/vec4 v00000265a95a3940_0, 0, 2;
T_3.21 ;
T_3.19 ;
    %jmp T_3.5;
T_3.5 ;
    %pop/vec4 1;
    %jmp T_3;
    .thread T_3, $push;
    .scope S_00000265a92ab2f0;
T_4 ;
    %wait E_00000265a953b850;
    %load/vec4 v00000265a95a3d00_0;
    %flag_set/vec4 8;
    %jmp/0xz  T_4.0, 8;
    %pushi/vec4 0, 0, 2;
    %assign/vec4 v00000265a95a3da0_0, 0;
    %jmp T_4.1;
T_4.0 ;
    %load/vec4 v00000265a95a3940_0;
    %assign/vec4 v00000265a95a3da0_0, 0;
T_4.1 ;
    %jmp T_4;
    .thread T_4;
    .scope S_00000265a92abc40;
T_5 ;
    %pushi/vec4 0, 0, 1;
    %store/vec4 v00000265a95a3120_0, 0, 1;
T_5.0 ;
    %delay 5000, 0;
    %load/vec4 v00000265a95a3120_0;
    %inv;
    %store/vec4 v00000265a95a3120_0, 0, 1;
    %jmp T_5.0;
    %end;
    .thread T_5;
    .scope S_00000265a92abc40;
T_6 ;
    %wait E_00000265a953b850;
    %load/vec4 v00000265a95a3b20_0;
    %flag_set/vec4 8;
    %load/vec4 v00000265a95a3080_0;
    %flag_set/vec4 9;
    %flag_or 9, 8;
    %jmp/0xz  T_6.0, 9;
    %vpi_call 2 30 "$display", "%0t ns: dispense=%b chg5=%b (coin=%b)", $time, v00000265a95a3b20_0, v00000265a95a3080_0, v00000265a95a3800_0 {0 0 0};
T_6.0 ;
    %jmp T_6;
    .thread T_6;
    .scope S_00000265a92abc40;
T_7 ;
    %vpi_call 2 35 "$dumpfile", "dump.vcd" {0 0 0};
    %vpi_call 2 36 "$dumpvars", 32'sb00000000000000000000000000000000, S_00000265a92abc40 {0 0 0};
    %pushi/vec4 0, 0, 2;
    %store/vec4 v00000265a95a3800_0, 0, 2;
    %pushi/vec4 1, 0, 1;
    %store/vec4 v00000265a95a39e0_0, 0, 1;
    %pushi/vec4 3, 0, 32;
T_7.0 %dup/vec4;
    %pushi/vec4 0, 0, 32;
    %cmp/s;
    %jmp/1xz T_7.1, 5;
    %jmp/1 T_7.1, 4;
    %pushi/vec4 1, 0, 32;
    %sub;
    %wait E_00000265a953b850;
    %jmp T_7.0;
T_7.1 ;
    %pop/vec4 1;
    %pushi/vec4 0, 0, 1;
    %store/vec4 v00000265a95a39e0_0, 0, 1;
    %fork TD_tb_vending_mealy.idle1, S_00000265a95436f0;
    %join;
    %fork TD_tb_vending_mealy.put10, S_00000265a9543880;
    %join;
    %fork TD_tb_vending_mealy.idle1, S_00000265a95436f0;
    %join;
    %fork TD_tb_vending_mealy.put10, S_00000265a9543880;
    %join;
    %fork TD_tb_vending_mealy.idle1, S_00000265a95436f0;
    %join;
    %fork TD_tb_vending_mealy.idle1, S_00000265a95436f0;
    %join;
    %fork TD_tb_vending_mealy.put5, S_00000265a9543a10;
    %join;
    %fork TD_tb_vending_mealy.idle1, S_00000265a95436f0;
    %join;
    %fork TD_tb_vending_mealy.put5, S_00000265a9543a10;
    %join;
    %fork TD_tb_vending_mealy.idle1, S_00000265a95436f0;
    %join;
    %fork TD_tb_vending_mealy.put10, S_00000265a9543880;
    %join;
    %fork TD_tb_vending_mealy.idle1, S_00000265a95436f0;
    %join;
    %fork TD_tb_vending_mealy.idle1, S_00000265a95436f0;
    %join;
    %fork TD_tb_vending_mealy.put10, S_00000265a9543880;
    %join;
    %fork TD_tb_vending_mealy.idle1, S_00000265a95436f0;
    %join;
    %fork TD_tb_vending_mealy.put5, S_00000265a9543a10;
    %join;
    %fork TD_tb_vending_mealy.idle1, S_00000265a95436f0;
    %join;
    %fork TD_tb_vending_mealy.put10, S_00000265a9543880;
    %join;
    %fork TD_tb_vending_mealy.idle1, S_00000265a95436f0;
    %join;
    %pushi/vec4 5, 0, 32;
T_7.2 %dup/vec4;
    %pushi/vec4 0, 0, 32;
    %cmp/s;
    %jmp/1xz T_7.3, 5;
    %jmp/1 T_7.3, 4;
    %pushi/vec4 1, 0, 32;
    %sub;
    %wait E_00000265a953b850;
    %jmp T_7.2;
T_7.3 ;
    %pop/vec4 1;
    %vpi_call 2 54 "$display", "TB done." {0 0 0};
    %vpi_call 2 55 "$finish" {0 0 0};
    %end;
    .thread T_7;
# The file index is used to find the file name in the following table.
:file_names 4;
    "N/A";
    "<interactive>";
    "tb_vending_mealy.v";
    "vending_mealy.v";
