#! /c/Source/iverilog-install/bin/vvp
:ivl_version "12.0 (devel)" "(s20150603-1110-g18392a46)";
:ivl_delay_selection "TYPICAL";
:vpi_time_precision + 0;
:vpi_module "C:\iverilog\lib\ivl\system.vpi";
:vpi_module "C:\iverilog\lib\ivl\vhdl_sys.vpi";
:vpi_module "C:\iverilog\lib\ivl\vhdl_textio.vpi";
:vpi_module "C:\iverilog\lib\ivl\v2005_math.vpi";
:vpi_module "C:\iverilog\lib\ivl\va_math.vpi";
S_000002635be672d0 .scope module, "tb_seq_detect_mealy" "tb_seq_detect_mealy" 2 1;
 .timescale 0 0;
v000002635bdab840_0 .var "clk", 0 0;
v000002635bdab8e0_0 .var "din", 0 0;
v000002635bdab980_0 .var "rst", 0 0;
v000002635bdaba20_0 .net "y", 0 0, v000002635bdab7a0_0;  1 drivers
S_000002635be67460 .scope module, "dut" "seq_detect_mealy" 2 5, 3 1 0, S_000002635be672d0;
 .timescale 0 0;
    .port_info 0 /INPUT 1 "clk";
    .port_info 1 /INPUT 1 "rst";
    .port_info 2 /INPUT 1 "din";
    .port_info 3 /OUTPUT 1 "y";
P_000002635be675f0 .param/l "S0" 1 3 8, C4<00>;
P_000002635be67628 .param/l "S1" 1 3 8, C4<01>;
P_000002635be67660 .param/l "S2" 1 3 8, C4<10>;
P_000002635be67698 .param/l "S3" 1 3 8, C4<11>;
v000002635bda6f70_0 .net "clk", 0 0, v000002635bdab840_0;  1 drivers
v000002635be676e0_0 .net "din", 0 0, v000002635bdab8e0_0;  1 drivers
v000002635bdab100_0 .var "next_state", 1 0;
v000002635bda6dd0_0 .net "rst", 0 0, v000002635bdab980_0;  1 drivers
v000002635bda6b30_0 .var "state", 1 0;
v000002635bdab7a0_0 .var "y", 0 0;
E_000002635be54910 .event anyedge, v000002635bda6b30_0, v000002635be676e0_0;
E_000002635be54fd0 .event posedge, v000002635bda6f70_0;
    .scope S_000002635be67460;
T_0 ;
    %wait E_000002635be54fd0;
    %load/vec4 v000002635bda6dd0_0;
    %flag_set/vec4 8;
    %jmp/0xz  T_0.0, 8;
    %pushi/vec4 0, 0, 2;
    %assign/vec4 v000002635bda6b30_0, 0;
    %jmp T_0.1;
T_0.0 ;
    %load/vec4 v000002635bdab100_0;
    %assign/vec4 v000002635bda6b30_0, 0;
T_0.1 ;
    %jmp T_0;
    .thread T_0;
    .scope S_000002635be67460;
T_1 ;
    %wait E_000002635be54910;
    %pushi/vec4 0, 0, 1;
    %store/vec4 v000002635bdab7a0_0, 0, 1;
    %load/vec4 v000002635bda6b30_0;
    %dup/vec4;
    %pushi/vec4 0, 0, 2;
    %cmp/u;
    %jmp/1 T_1.0, 6;
    %dup/vec4;
    %pushi/vec4 1, 0, 2;
    %cmp/u;
    %jmp/1 T_1.1, 6;
    %dup/vec4;
    %pushi/vec4 2, 0, 2;
    %cmp/u;
    %jmp/1 T_1.2, 6;
    %dup/vec4;
    %pushi/vec4 3, 0, 2;
    %cmp/u;
    %jmp/1 T_1.3, 6;
    %jmp T_1.4;
T_1.0 ;
    %load/vec4 v000002635be676e0_0;
    %flag_set/vec4 8;
    %jmp/0 T_1.5, 8;
    %pushi/vec4 1, 0, 2;
    %jmp/1 T_1.6, 8;
T_1.5 ; End of true expr.
    %pushi/vec4 0, 0, 2;
    %jmp/0 T_1.6, 8;
 ; End of false expr.
    %blend;
T_1.6;
    %store/vec4 v000002635bdab100_0, 0, 2;
    %jmp T_1.4;
T_1.1 ;
    %load/vec4 v000002635be676e0_0;
    %flag_set/vec4 8;
    %jmp/0 T_1.7, 8;
    %pushi/vec4 2, 0, 2;
    %jmp/1 T_1.8, 8;
T_1.7 ; End of true expr.
    %pushi/vec4 0, 0, 2;
    %jmp/0 T_1.8, 8;
 ; End of false expr.
    %blend;
T_1.8;
    %store/vec4 v000002635bdab100_0, 0, 2;
    %jmp T_1.4;
T_1.2 ;
    %load/vec4 v000002635be676e0_0;
    %flag_set/vec4 8;
    %jmp/0 T_1.9, 8;
    %pushi/vec4 2, 0, 2;
    %jmp/1 T_1.10, 8;
T_1.9 ; End of true expr.
    %pushi/vec4 3, 0, 2;
    %jmp/0 T_1.10, 8;
 ; End of false expr.
    %blend;
T_1.10;
    %store/vec4 v000002635bdab100_0, 0, 2;
    %jmp T_1.4;
T_1.3 ;
    %load/vec4 v000002635be676e0_0;
    %flag_set/vec4 8;
    %jmp/0xz  T_1.11, 8;
    %pushi/vec4 1, 0, 1;
    %store/vec4 v000002635bdab7a0_0, 0, 1;
    %pushi/vec4 1, 0, 2;
    %store/vec4 v000002635bdab100_0, 0, 2;
    %jmp T_1.12;
T_1.11 ;
    %pushi/vec4 0, 0, 2;
    %store/vec4 v000002635bdab100_0, 0, 2;
T_1.12 ;
    %jmp T_1.4;
T_1.4 ;
    %pop/vec4 1;
    %jmp T_1;
    .thread T_1, $push;
    .scope S_000002635be672d0;
T_2 ;
    %pushi/vec4 0, 0, 1;
    %store/vec4 v000002635bdab840_0, 0, 1;
T_2.0 ;
    %delay 5, 0;
    %load/vec4 v000002635bdab840_0;
    %inv;
    %store/vec4 v000002635bdab840_0, 0, 1;
    %jmp T_2.0;
    %end;
    .thread T_2;
    .scope S_000002635be672d0;
T_3 ;
    %vpi_call 2 11 "$dumpfile", "waves/dump.vcd" {0 0 0};
    %vpi_call 2 12 "$dumpvars", 32'sb00000000000000000000000000000000, S_000002635be672d0 {0 0 0};
    %pushi/vec4 1, 0, 1;
    %store/vec4 v000002635bdab980_0, 0, 1;
    %pushi/vec4 0, 0, 1;
    %store/vec4 v000002635bdab8e0_0, 0, 1;
    %delay 20, 0;
    %pushi/vec4 0, 0, 1;
    %store/vec4 v000002635bdab980_0, 0, 1;
    %pushi/vec4 1, 0, 1;
    %store/vec4 v000002635bdab8e0_0, 0, 1;
    %delay 10, 0;
    %pushi/vec4 1, 0, 1;
    %store/vec4 v000002635bdab8e0_0, 0, 1;
    %delay 10, 0;
    %pushi/vec4 0, 0, 1;
    %store/vec4 v000002635bdab8e0_0, 0, 1;
    %delay 10, 0;
    %pushi/vec4 1, 0, 1;
    %store/vec4 v000002635bdab8e0_0, 0, 1;
    %delay 10, 0;
    %pushi/vec4 1, 0, 1;
    %store/vec4 v000002635bdab8e0_0, 0, 1;
    %delay 10, 0;
    %pushi/vec4 0, 0, 1;
    %store/vec4 v000002635bdab8e0_0, 0, 1;
    %delay 10, 0;
    %pushi/vec4 1, 0, 1;
    %store/vec4 v000002635bdab8e0_0, 0, 1;
    %delay 10, 0;
    %pushi/vec4 1, 0, 1;
    %store/vec4 v000002635bdab8e0_0, 0, 1;
    %delay 10, 0;
    %pushi/vec4 1, 0, 1;
    %store/vec4 v000002635bdab8e0_0, 0, 1;
    %delay 10, 0;
    %pushi/vec4 0, 0, 1;
    %store/vec4 v000002635bdab8e0_0, 0, 1;
    %delay 10, 0;
    %pushi/vec4 1, 0, 1;
    %store/vec4 v000002635bdab8e0_0, 0, 1;
    %delay 10, 0;
    %delay 20, 0;
    %vpi_call 2 21 "$finish" {0 0 0};
    %end;
    .thread T_3;
# The file index is used to find the file name in the following table.
:file_names 4;
    "N/A";
    "<interactive>";
    "tb_seq_detect_mealy.v";
    "seq_detect_mealy.v";
