#! /c/Source/iverilog-install/bin/vvp
:ivl_version "12.0 (devel)" "(s20150603-1110-g18392a46)";
:ivl_delay_selection "TYPICAL";
:vpi_time_precision + 0;
:vpi_module "C:\iverilog\lib\ivl\system.vpi";
:vpi_module "C:\iverilog\lib\ivl\vhdl_sys.vpi";
:vpi_module "C:\iverilog\lib\ivl\vhdl_textio.vpi";
:vpi_module "C:\iverilog\lib\ivl\v2005_math.vpi";
:vpi_module "C:\iverilog\lib\ivl\va_math.vpi";
S_000002e017d3cac0 .scope module, "tb_link_top" "tb_link_top" 2 1;
 .timescale 0 0;
v000002e017d94f80_0 .var "clk", 0 0;
v000002e017d952a0_0 .net "done", 0 0, v000002e017d2ac80_0;  1 drivers
v000002e017d95980_0 .net "last_byte", 7 0, v000002e017ce6a90_0;  1 drivers
v000002e017d95340_0 .var "rst", 0 0;
S_000002e017d3cc50 .scope module, "dut" "link_top" 2 7, 3 1 0, S_000002e017d3cac0;
 .timescale 0 0;
    .port_info 0 /INPUT 1 "clk";
    .port_info 1 /INPUT 1 "rst";
    .port_info 2 /OUTPUT 1 "done";
    .port_info 3 /OUTPUT 8 "last_byte";
v000002e017d94990_0 .net "ack", 0 0, v000002e017ce68b0_0;  1 drivers
v000002e017d94da0_0 .net "clk", 0 0, v000002e017d94f80_0;  1 drivers
v000002e017d95160_0 .net "data", 7 0, v000002e017cec320_0;  1 drivers
v000002e017d950c0_0 .net "done", 0 0, v000002e017d2ac80_0;  alias, 1 drivers
v000002e017d957a0_0 .net "last_byte", 7 0, v000002e017ce6a90_0;  alias, 1 drivers
v000002e017d95200_0 .net "req", 0 0, v000002e017d47600_0;  1 drivers
v000002e017d95840_0 .net "rst", 0 0, v000002e017d95340_0;  1 drivers
S_000002e017d3cde0 .scope module, "u_master" "master_fsm" 3 10, 4 1 0, S_000002e017d3cc50;
 .timescale 0 0;
    .port_info 0 /INPUT 1 "clk";
    .port_info 1 /INPUT 1 "rst";
    .port_info 2 /INPUT 1 "ack";
    .port_info 3 /OUTPUT 1 "req";
    .port_info 4 /OUTPUT 8 "data";
    .port_info 5 /OUTPUT 1 "done";
P_000002e017d47470 .param/l "DONE" 1 4 15, C4<110>;
P_000002e017d474a8 .param/l "DROP_REQ" 1 4 12, C4<011>;
P_000002e017d474e0 .param/l "IDLE" 1 4 9, C4<000>;
P_000002e017d47518 .param/l "NEXTB" 1 4 14, C4<101>;
P_000002e017d47550 .param/l "SEND" 1 4 10, C4<001>;
P_000002e017d47588 .param/l "WAIT_ACK" 1 4 11, C4<010>;
P_000002e017d475c0 .param/l "WAIT_ACK_LOW" 1 4 13, C4<100>;
v000002e017d29ac0_0 .net "ack", 0 0, v000002e017ce68b0_0;  alias, 1 drivers
v000002e017d28a10_0 .net "clk", 0 0, v000002e017d94f80_0;  alias, 1 drivers
v000002e017cec320_0 .var "data", 7 0;
v000002e017d2ac80_0 .var "done", 0 0;
v000002e017d2ad20_0 .var "idx", 1 0;
v000002e017d47600_0 .var "req", 0 0;
v000002e017d476a0_0 .net "rst", 0 0, v000002e017d95340_0;  alias, 1 drivers
v000002e017d47740_0 .var "state", 2 0;
E_000002e017d29900 .event posedge, v000002e017d28a10_0;
S_000002e017ce6720 .scope module, "u_slave" "slave_fsm" 3 19, 5 1 0, S_000002e017d3cc50;
 .timescale 0 0;
    .port_info 0 /INPUT 1 "clk";
    .port_info 1 /INPUT 1 "rst";
    .port_info 2 /INPUT 1 "req";
    .port_info 3 /INPUT 8 "data_in";
    .port_info 4 /OUTPUT 1 "ack";
    .port_info 5 /OUTPUT 8 "last_byte";
P_000002e017d477e0 .param/l "ACK1" 1 5 10, C4<01>;
P_000002e017d47818 .param/l "ACK2" 1 5 11, C4<10>;
P_000002e017d47850 .param/l "DROP_ACK" 1 5 12, C4<11>;
P_000002e017d47888 .param/l "WAIT_REQ" 1 5 9, C4<00>;
v000002e017ce68b0_0 .var "ack", 0 0;
v000002e017ce6950_0 .net "clk", 0 0, v000002e017d94f80_0;  alias, 1 drivers
v000002e017ce69f0_0 .net "data_in", 7 0, v000002e017cec320_0;  alias, 1 drivers
v000002e017ce6a90_0 .var "last_byte", 7 0;
v000002e017ce6b30_0 .net "req", 0 0, v000002e017d47600_0;  alias, 1 drivers
v000002e017d94850_0 .net "rst", 0 0, v000002e017d95340_0;  alias, 1 drivers
v000002e017d948f0_0 .var "state", 1 0;
    .scope S_000002e017d3cde0;
T_0 ;
    %wait E_000002e017d29900;
    %load/vec4 v000002e017d476a0_0;
    %flag_set/vec4 8;
    %jmp/0xz  T_0.0, 8;
    %pushi/vec4 0, 0, 3;
    %assign/vec4 v000002e017d47740_0, 0;
    %pushi/vec4 0, 0, 2;
    %assign/vec4 v000002e017d2ad20_0, 0;
    %pushi/vec4 0, 0, 1;
    %assign/vec4 v000002e017d47600_0, 0;
    %pushi/vec4 0, 0, 8;
    %assign/vec4 v000002e017cec320_0, 0;
    %pushi/vec4 0, 0, 1;
    %assign/vec4 v000002e017d2ac80_0, 0;
    %jmp T_0.1;
T_0.0 ;
    %pushi/vec4 0, 0, 1;
    %assign/vec4 v000002e017d2ac80_0, 0;
    %load/vec4 v000002e017d47740_0;
    %dup/vec4;
    %pushi/vec4 0, 0, 3;
    %cmp/u;
    %jmp/1 T_0.2, 6;
    %dup/vec4;
    %pushi/vec4 1, 0, 3;
    %cmp/u;
    %jmp/1 T_0.3, 6;
    %dup/vec4;
    %pushi/vec4 2, 0, 3;
    %cmp/u;
    %jmp/1 T_0.4, 6;
    %dup/vec4;
    %pushi/vec4 3, 0, 3;
    %cmp/u;
    %jmp/1 T_0.5, 6;
    %dup/vec4;
    %pushi/vec4 4, 0, 3;
    %cmp/u;
    %jmp/1 T_0.6, 6;
    %dup/vec4;
    %pushi/vec4 5, 0, 3;
    %cmp/u;
    %jmp/1 T_0.7, 6;
    %dup/vec4;
    %pushi/vec4 6, 0, 3;
    %cmp/u;
    %jmp/1 T_0.8, 6;
    %pushi/vec4 0, 0, 3;
    %assign/vec4 v000002e017d47740_0, 0;
    %jmp T_0.10;
T_0.2 ;
    %pushi/vec4 0, 0, 2;
    %assign/vec4 v000002e017d2ad20_0, 0;
    %pushi/vec4 0, 0, 1;
    %assign/vec4 v000002e017d47600_0, 0;
    %pushi/vec4 1, 0, 3;
    %assign/vec4 v000002e017d47740_0, 0;
    %jmp T_0.10;
T_0.3 ;
    %pushi/vec4 160, 0, 8;
    %load/vec4 v000002e017d2ad20_0;
    %pad/u 8;
    %add;
    %assign/vec4 v000002e017cec320_0, 0;
    %pushi/vec4 1, 0, 1;
    %assign/vec4 v000002e017d47600_0, 0;
    %pushi/vec4 2, 0, 3;
    %assign/vec4 v000002e017d47740_0, 0;
    %jmp T_0.10;
T_0.4 ;
    %load/vec4 v000002e017d29ac0_0;
    %flag_set/vec4 8;
    %jmp/0xz  T_0.11, 8;
    %pushi/vec4 3, 0, 3;
    %assign/vec4 v000002e017d47740_0, 0;
T_0.11 ;
    %jmp T_0.10;
T_0.5 ;
    %pushi/vec4 0, 0, 1;
    %assign/vec4 v000002e017d47600_0, 0;
    %pushi/vec4 4, 0, 3;
    %assign/vec4 v000002e017d47740_0, 0;
    %jmp T_0.10;
T_0.6 ;
    %load/vec4 v000002e017d29ac0_0;
    %nor/r;
    %flag_set/vec4 8;
    %jmp/0xz  T_0.13, 8;
    %pushi/vec4 5, 0, 3;
    %assign/vec4 v000002e017d47740_0, 0;
T_0.13 ;
    %jmp T_0.10;
T_0.7 ;
    %load/vec4 v000002e017d2ad20_0;
    %cmpi/e 3, 0, 2;
    %jmp/0xz  T_0.15, 4;
    %pushi/vec4 1, 0, 1;
    %assign/vec4 v000002e017d2ac80_0, 0;
    %pushi/vec4 6, 0, 3;
    %assign/vec4 v000002e017d47740_0, 0;
    %jmp T_0.16;
T_0.15 ;
    %load/vec4 v000002e017d2ad20_0;
    %addi 1, 0, 2;
    %assign/vec4 v000002e017d2ad20_0, 0;
    %pushi/vec4 1, 0, 3;
    %assign/vec4 v000002e017d47740_0, 0;
T_0.16 ;
    %jmp T_0.10;
T_0.8 ;
    %pushi/vec4 0, 0, 3;
    %assign/vec4 v000002e017d47740_0, 0;
    %jmp T_0.10;
T_0.10 ;
    %pop/vec4 1;
T_0.1 ;
    %jmp T_0;
    .thread T_0;
    .scope S_000002e017ce6720;
T_1 ;
    %wait E_000002e017d29900;
    %load/vec4 v000002e017d94850_0;
    %flag_set/vec4 8;
    %jmp/0xz  T_1.0, 8;
    %pushi/vec4 0, 0, 2;
    %assign/vec4 v000002e017d948f0_0, 0;
    %pushi/vec4 0, 0, 1;
    %assign/vec4 v000002e017ce68b0_0, 0;
    %pushi/vec4 0, 0, 8;
    %assign/vec4 v000002e017ce6a90_0, 0;
    %jmp T_1.1;
T_1.0 ;
    %load/vec4 v000002e017d948f0_0;
    %dup/vec4;
    %pushi/vec4 0, 0, 2;
    %cmp/u;
    %jmp/1 T_1.2, 6;
    %dup/vec4;
    %pushi/vec4 1, 0, 2;
    %cmp/u;
    %jmp/1 T_1.3, 6;
    %dup/vec4;
    %pushi/vec4 2, 0, 2;
    %cmp/u;
    %jmp/1 T_1.4, 6;
    %dup/vec4;
    %pushi/vec4 3, 0, 2;
    %cmp/u;
    %jmp/1 T_1.5, 6;
    %pushi/vec4 0, 0, 2;
    %assign/vec4 v000002e017d948f0_0, 0;
    %jmp T_1.7;
T_1.2 ;
    %pushi/vec4 0, 0, 1;
    %assign/vec4 v000002e017ce68b0_0, 0;
    %load/vec4 v000002e017ce6b30_0;
    %flag_set/vec4 8;
    %jmp/0xz  T_1.8, 8;
    %load/vec4 v000002e017ce69f0_0;
    %assign/vec4 v000002e017ce6a90_0, 0;
    %pushi/vec4 1, 0, 1;
    %assign/vec4 v000002e017ce68b0_0, 0;
    %pushi/vec4 1, 0, 2;
    %assign/vec4 v000002e017d948f0_0, 0;
T_1.8 ;
    %jmp T_1.7;
T_1.3 ;
    %pushi/vec4 1, 0, 1;
    %assign/vec4 v000002e017ce68b0_0, 0;
    %pushi/vec4 2, 0, 2;
    %assign/vec4 v000002e017d948f0_0, 0;
    %jmp T_1.7;
T_1.4 ;
    %pushi/vec4 1, 0, 1;
    %assign/vec4 v000002e017ce68b0_0, 0;
    %pushi/vec4 3, 0, 2;
    %assign/vec4 v000002e017d948f0_0, 0;
    %jmp T_1.7;
T_1.5 ;
    %pushi/vec4 0, 0, 1;
    %assign/vec4 v000002e017ce68b0_0, 0;
    %pushi/vec4 0, 0, 2;
    %assign/vec4 v000002e017d948f0_0, 0;
    %jmp T_1.7;
T_1.7 ;
    %pop/vec4 1;
T_1.1 ;
    %jmp T_1;
    .thread T_1;
    .scope S_000002e017d3cac0;
T_2 ;
    %pushi/vec4 0, 0, 1;
    %store/vec4 v000002e017d94f80_0, 0, 1;
T_2.0 ;
    %delay 5, 0;
    %load/vec4 v000002e017d94f80_0;
    %inv;
    %store/vec4 v000002e017d94f80_0, 0, 1;
    %jmp T_2.0;
    %end;
    .thread T_2;
    .scope S_000002e017d3cac0;
T_3 ;
    %pushi/vec4 1, 0, 1;
    %store/vec4 v000002e017d95340_0, 0, 1;
    %pushi/vec4 3, 0, 32;
T_3.0 %dup/vec4;
    %pushi/vec4 0, 0, 32;
    %cmp/s;
    %jmp/1xz T_3.1, 5;
    %jmp/1 T_3.1, 4;
    %pushi/vec4 1, 0, 32;
    %sub;
    %wait E_000002e017d29900;
    %jmp T_3.0;
T_3.1 ;
    %pop/vec4 1;
    %pushi/vec4 0, 0, 1;
    %store/vec4 v000002e017d95340_0, 0, 1;
    %pushi/vec4 80, 0, 32;
T_3.2 %dup/vec4;
    %pushi/vec4 0, 0, 32;
    %cmp/s;
    %jmp/1xz T_3.3, 5;
    %jmp/1 T_3.3, 4;
    %pushi/vec4 1, 0, 32;
    %sub;
    %wait E_000002e017d29900;
    %jmp T_3.2;
T_3.3 ;
    %pop/vec4 1;
    %vpi_call 2 20 "$finish" {0 0 0};
    %end;
    .thread T_3;
    .scope S_000002e017d3cac0;
T_4 ;
    %vpi_call 2 24 "$dumpfile", "waves/link.vcd" {0 0 0};
    %vpi_call 2 25 "$dumpvars", 32'sb00000000000000000000000000000000, S_000002e017d3cac0 {0 0 0};
    %end;
    .thread T_4;
# The file index is used to find the file name in the following table.
:file_names 6;
    "N/A";
    "<interactive>";
    "tb_link_top.v";
    "link_top.v";
    "master_fsm.v";
    "slave_fsm.v";
